#
# There is insufficient memory for the Java Runtime Environment to continue.
# Native memory allocation (malloc) failed to allocate 1848896 bytes. Error detail: Chunk::new
# Possible reasons:
#   The system is out of physical RAM or swap space
#   This process is running with CompressedOops enabled, and the Java Heap may be blocking the growth of the native heap
# Possible solutions:
#   Reduce memory load on the system
#   Increase physical memory or swap space
#   Check if swap backing store is full
#   Decrease Java heap size (-Xmx/-Xms)
#   Decrease number of Java threads
#   Decrease Java thread stack sizes (-Xss)
#   Set larger code cache with -XX:ReservedCodeCacheSize=
#   JVM is running with Unscaled Compressed Oops mode in which the Java heap is
#     placed in the first 4GB address space. The Java Heap base address is the
#     maximum limit for the native heap growth. Please use -XX:HeapBaseMinAddress
#     to set the Java Heap base and to place the Java Heap above 4GB virtual address.
# This output file may be truncated or incomplete.
#
#  Out of Memory Error (arena.cpp:191), pid=137068, tid=2028
#
# JRE version: OpenJDK Runtime Environment Temurin-17.0.12+7 (17.0.12+7) (build 17.0.12+7)
# Java VM: OpenJDK 64-Bit Server VM Temurin-17.0.12+7 (17.0.12+7, mixed mode, tiered, compressed oops, compressed class ptrs, parallel gc, windows-amd64)
# No core dump will be written. Minidumps are not enabled by default on client versions of Windows
#

---------------  S U M M A R Y ------------

Command Line: --add-modules=ALL-SYSTEM --add-opens=java.base/java.util=ALL-UNNAMED --add-opens=java.base/java.lang=ALL-UNNAMED --add-opens=java.base/sun.nio.fs=ALL-UNNAMED -Declipse.application=org.eclipse.jdt.ls.core.id1 -Dosgi.bundles.defaultStartLevel=4 -Declipse.product=org.eclipse.jdt.ls.core.product -Djava.import.generatesMetadataFilesAtProjectRoot=false -DDetectVMInstallationsJob.disabled=true -Dfile.encoding=utf8 -XX:+UseParallelGC -XX:GCTimeRatio=4 -XX:AdaptiveSizePolicyWeight=90 -Dsun.zip.disableMemoryMapping=true -Xmx1G -Xms100m -Xlog:disable -javaagent:c:\Users\bilal\.vscode\extensions\redhat.java-1.35.1-win32-x64\lombok\lombok-1.18.33.jar -XX:+HeapDumpOnOutOfMemoryError -XX:HeapDumpPath=c:\Users\bilal\AppData\Roaming\Code\User\workspaceStorage\c789fe2788a9d23e3a45b0ab5194a0bf\redhat.java -Daether.dependencyCollector.impl=bf c:\Users\bilal\.vscode\extensions\redhat.java-1.35.1-win32-x64\server\plugins\org.eclipse.equinox.launcher_1.6.900.v20240613-2009.jar -configuration c:\Users\bilal\AppData\Roaming\Code\User\globalStorage\redhat.java\1.35.1\config_win -data c:\Users\bilal\AppData\Roaming\Code\User\workspaceStorage\c789fe2788a9d23e3a45b0ab5194a0bf\redhat.java\jdt_ws --pipe=\\.\pipe\lsp-fd72662a46d3aabaaa5e8f50f302898d-sock

Host: Intel(R) Core(TM) i7-10750H CPU @ 2.60GHz, 12 cores, 15G,  Windows 11 , 64 bit Build 22621 (10.0.22621.3958)
Time: Thu Oct 17 10:53:45 2024 Paris, Madrid (heure duild 22621 (10.0.22621.3958) elapsed time: 19.925343 seconds (0d 0h 0m 19s)

---------------  T H R E A D  ---------------

Current thread (0x00000180bb68ffa0):  JavaThread "C2 CompilerThread2" daemon [_thread_in_native, id=2028, stack(0x0000006dbb100000,0x0000006dbb200000)]


Current CompileTask:
C2:  19925 10093       4       org.eclipse.jdt.internal.core.builder.ClasspathLocation::findClass (25 bytes)

Stack: [0x0000006dbb100000,0x0000006dbb200000]
Native frames: (J=compiled Java code, j=interpreted, Vv=VM code, C=native code)
V  [jvm.dll+0x67f929]
V  [jvm.dll+0x8371ba]
V  [jvm.dll+0x838c7e]
V  [jvm.dll+0x8392e3]
V  [jvm.dll+0x24834f]
V  [jvm.dll+0xac9d4]
V  [jvm.dll+0xad01c]
V  [jvm.dll+0x3674a7]
V  [jvm.dll+0x33197a]
V  [jvm.dll+0x330e1a]
V  [jvm.dll+0x21a8b1]
V  [jvm.dll+0x219cf1]
V  [jvm.dll+0x1a58bd]
V  [jvm.dll+0x229a2d]
V  [jvm.dll+0x227bdc]
V  [jvm.dll+0x7ec1f7]
V  [jvm.dll+0x7e65dc]
V  [jvm.dll+0x67e7f7]
C  [ucrtbase.dll+0x29333]
C  [KERNEL32.DLL+0x1257d]
C  [ntdll.dll+0x5af08]


---------------  P R O C E S S  ---------------

Threads class SMR info:
_java_thread_list=0x00000180ba426250, length=57, elements={
0x000001809ba985a0, 0x00000180b1845020, 0x00000180b1845dd0, 0x00000180b6926310,
0x00000180b6926ee0, 0x00000180b69284b0, 0x00000180b6930860, 0x00000180b6935df0,
0x00000180b6936b60, 0x00000180b693d840, 0x00000180b692ea00, 0x00000180b692f930,
0x00000180b6930350, 0x00000180b6931280, 0x00000180b692ef10, 0x00000180b692f420,
0x00000180b692fe40, 0x00000180b69321b0, 0x00000180b933ea90, 0x00000180b9343680,
0x00000180b9342c60, 0x00000180b9341820, 0x00000180b93440a0, 0x00000180b9341d30,
0x00000180b933fed0, 0x00000180b93454e0, 0x00000180b933f4b0, 0x00000180b93408f0,
0x00000180b93403e0, 0x00000180b9341310, 0x00000180b9342240, 0x00000180b9340e00,
0x00000180b9344ac0, 0x00000180b9343b90, 0x00000180b9342750, 0x00000180b9343170,
0x00000180b93445b0, 0x00000180b933f9c0, 0x00000180b9344fd0, 0x00000180b933e070,
0x00000180bb740270, 0x00000180bb73d9f0, 0x00000180bb744440, 0x00000180bb73f850,
0x00000180bb743510, 0x00000180bb743f30, 0x00000180bb73e410, 0x00000180bb7425e0,
0x00000180bb742af0, 0x00000180bb73e920, 0x00000180bb743000, 0x00000180bb743a20,
0x00000180bb7420d0, 0x00000180bb73cfd0, 0x00000180bb68fa50, 0x00000180bb68ffa0,
0x00000180bb73d4e0
}

Java Threads: ( => current thread )
  0x000001809ba985a0 JavaThread "main" [_thread_blocked, id=21144, stack(0x0000006db6d00000,0x0000006db6e00000)]
  0x00000180b1845020 JavaThread "Reference Handler" daemon [_thread_blocked, id=21272, stack(0x0000006db7000000,0x0000006db7100000)]
  0x00000180b1845dd0 JavaThread "Finalizer" daemon [_thread_blocked, id=16956, stack(0x0000006db7100000,0x0000006db7200000)]
  0x00000180b6926310 JavaThread "Signal Dispatcher" daemon [_thread_blocked, id=163532, stack(0x0000006db7200000,0x0000006db7300000)]
  0x00000180b6926ee0 JavaThread "Attach Listener" daemon [_thread_blocked, id=15260, stack(0x0000006db7300000,0x0000006db7400000)]
  0x00000180b69284b0 JavaThread "Service Thread" daemon [_thread_blocked, id=9592, stack(0x0000006db7400000,0x0000006db7500000)]
  0x00000180b6930860 JavaThread "Monitor Deflation Thread" daemon [_thread_blocked, id=20456, stack(0x0000006db7500000,0x0000006db7600000)]
  0x00000180b6935df0 JavaThread "C2 CompilerThread0" daemon [_thread_in_native, id=148516, stack(0x0000006db7600000,0x0000006db7700000)]
  0x00000180b6936b60 JavaThread "C1 CompilerThread0" daemon [_thread_blocked, id=82772, stack(0x0000006db7700000,0x0000006db7800000)]
  0x00000180b693d840 JavaThread "Sweeper thread" daemon [_thread_blocked, id=39484, stack(0x0000006db7800000,0x0000006db7900000)]
  0x00000180b692ea00 JavaThread "Common-Cleaner" daemon [_thread_blocked, id=24736, stack(0x0000006db7900000,0x0000006db7a00000)]
  0x00000180b692f930 JavaThread "Notification Thread" daemon [_thread_blocked, id=156236, stack(0x0000006db7b00000,0x0000006db7c00000)]
  0x00000180b6930350 JavaThread "Active Thread: Equinox Container: 930d5c76-2028-4d20-9023-97d12e71d68b" [_thread_blocked, id=157424, stack(0x0000006db8400000,0x0000006db8500000)]
  0x00000180b6931280 JavaThread "Framework Event Dispatcher: Equinox Container: 930d5c76-2028-4d20-9023-97d12e71d68b" daemon [_thread_blocked, id=5632, stack(0x0000006db8500000,0x0000006db8600000)]
  0x00000180b692ef10 JavaThread "Start Level: Equinox Container: 930d5c76-2028-4d20-9023-97d12e71d68b" daemon [_thread_blocked, id=166148, stack(0x0000006db8600000,0x0000006db8700000)]
  0x00000180b692f420 JavaThread "Bundle File Closer" daemon [_thread_blocked, id=116956, stack(0x0000006db7d00000,0x0000006db7e00000)]
  0x00000180b692fe40 JavaThread "SCR Component Actor" daemon [_thread_blocked, id=159568, stack(0x0000006db8900000,0x0000006db8a00000)]
  0x00000180b69321b0 JavaThread "Worker-JM" [_thread_blocked, id=61272, stack(0x0000006db8b00000,0x0000006db8c00000)]
  0x00000180b933ea90 JavaThread "JNA Cleaner" daemon [_thread_blocked, id=166720, stack(0x0000006db8c00000,0x0000006db8d00000)]
  0x00000180b9343680 JavaThread "Worker-0" [_thread_blocked, id=2548, stack(0x0000006db8d00000,0x0000006db8e00000)]
  0x00000180b9342c60 JavaThread "Worker-1" [_thread_blocked, id=166040, stack(0x0000006db8e00000,0x0000006db8f00000)]
  0x00000180b9341820 JavaThread "Java indexing" daemon [_thread_blocked, id=17580, stack(0x0000006db9100000,0x0000006db9200000)]
  0x00000180b93440a0 JavaThread "Worker-2" [_thread_blocked, id=46516, stack(0x0000006db9200000,0x0000006db9300000)]
  0x00000180b9341d30 JavaThread "Thread-2" daemon [_thread_in_native, id=143544, stack(0x0000006db9300000,0x0000006db9400000)]
  0x00000180b933fed0 JavaThread "Thread-3" daemon [_thread_in_native, id=75836, stack(0x0000006db9400000,0x0000006db9500000)]
  0x00000180b93454e0 JavaThread "Thread-4" daemon [_thread_in_native, id=3600, stack(0x0000006db9500000,0x0000006db9600000)]
  0x00000180b933f4b0 JavaThread "Thread-5" daemon [_thread_in_native, id=11764, stack(0x0000006db9600000,0x0000006db9700000)]
  0x00000180b93408f0 JavaThread "Thread-6" daemon [_thread_in_native, id=156724, stack(0x0000006db9700000,0x0000006db9800000)]
  0x00000180b93403e0 JavaThread "Thread-7" daemon [_thread_in_native, id=165516, stack(0x0000006db9800000,0x0000006db9900000)]
  0x00000180b9341310 JavaThread "Thread-8" daemon [_thread_in_native, id=153268, stack(0x0000006db9900000,0x0000006db9a00000)]
  0x00000180b9342240 JavaThread "Thread-9" daemon [_thread_in_native, id=19512, stack(0x0000006db9a00000,0x0000006db9b00000)]
  0x00000180b9340e00 JavaThread "Thread-10" daemon [_thread_in_native, id=21304, stack(0x0000006db9b00000,0x0000006db9c00000)]
  0x00000180b9344ac0 JavaThread "Thread-11" daemon [_thread_in_native, id=53340, stack(0x0000006db9c00000,0x0000006db9d00000)]
  0x00000180b9343b90 JavaThread "Thread-12" daemon [_thread_in_native, id=22492, stack(0x0000006db9d00000,0x0000006db9e00000)]
  0x00000180b9342750 JavaThread "Thread-13" daemon [_thread_in_native, id=23784, stack(0x0000006db9e00000,0x0000006db9f00000)]
  0x00000180b9343170 JavaThread "Thread-14" daemon [_thread_in_native, id=47544, stack(0x0000006db9f00000,0x0000006dba000000)]
  0x00000180b93445b0 JavaThread "pool-2-thread-1" [_thread_blocked, id=45252, stack(0x0000006dba000000,0x0000006dba100000)]
  0x00000180b933f9c0 JavaThread "WorkspaceEventsHandler" [_thread_blocked, id=157084, stack(0x0000006dba100000,0x0000006dba200000)]
  0x00000180b9344fd0 JavaThread "pool-1-thread-1" [_thread_blocked, id=29476, stack(0x0000006dba200000,0x0000006dba300000)]
  0x00000180b933e070 JavaThread "Worker-3" [_thread_blocked, id=58608, stack(0x0000006dba300000,0x0000006dba400000)]
  0x00000180bb740270 JavaThread "ForkJoinPool.commonPool-worker-1" daemon [_thread_blocked, id=137036, stack(0x0000006dba600000,0x0000006dba700000)]
  0x00000180bb73d9f0 JavaThread "ForkJoinPool.commonPool-worker-2" daemon [_thread_blocked, id=112096, stack(0x0000006dba700000,0x0000006dba800000)]
  0x00000180bb744440 JavaThread "Worker-4" [_thread_blocked, id=50576, stack(0x0000006dba800000,0x0000006dba900000)]
  0x00000180bb73f850 JavaThread "ForkJoinPool.commonPool-worker-3" daemon [_thread_blocked, id=164528, stack(0x0000006dba900000,0x0000006dbaa00000)]
  0x00000180bb743510 JavaThread "Compiler Source File Reader" daemon [_thread_blocked, id=73508, stack(0x0000006db8a00000,0x0000006db8b00000)]
  0x00000180bb743f30 JavaThread "Compiler Source File Reader" daemon [_thread_blocked, id=44916, stack(0x0000006db8f00000,0x0000006db9000000)]
  0x00000180bb73e410 JavaThread "Compiler Source File Reader" daemon [_thread_blocked, id=73920, stack(0x0000006db9000000,0x0000006db9100000)]
  0x00000180bb7425e0 JavaThread "Compiler Source File Reader" daemon [_thread_blocked, id=115412, stack(0x0000006dba500000,0x0000006dba600000)]
  0x00000180bb742af0 JavaThread "Compiler Source File Reader" daemon [_thread_blocked, id=41492, stack(0x0000006dbaa00000,0x0000006dbab00000)]
  0x00000180bb73e920 JavaThread "Compiler Source File Reader" daemon [_thread_blocked, id=158072, stack(0x0000006dbab00000,0x0000006dbac00000)]
  0x00000180bb743000 JavaThread "Compiler Source File Reader" daemon [_thread_blocked, id=166800, stack(0x0000006dbac00000,0x0000006dbad00000)]
  0x00000180bb743a20 JavaThread "Compiler Source File Reader" daemon [_thread_blocked, id=18032, stack(0x0000006dbad00000,0x0000006dbae00000)]
  0x00000180bb7420d0 JavaThread "Compiler Source File Reader" daemon [_thread_blocked, id=20540, stack(0x0000006dbae00000,0x0000006dbaf00000)]
  0x00000180bb73cfd0 JavaThread "Compiler Source File Reader" daemon [_thread_blocked, id=162480, stack(0x0000006dbaf00000,0x0000006dbb000000)]
  0x00000180bb68fa50 JavaThread "C2 CompilerThread1" daemon [_thread_in_native, id=31400, stack(0x0000006dbb000000,0x0000006dbb100000)]
=>0x00000180bb68ffa0 JavaThread "C2 CompilerThread2" daemon [_thread_in_native, id=2028, stack(0x0000006dbb100000,0x0000006dbb200000)]
  0x00000180bb73d4e0 JavaThread "Compiler Processing Task" daemon [_thread_blocked, id=161616, stack(0x0000006dbb200000,0x0000006dbb300000)]

Other Threads:
  0x000001809bb3ec10 VMThread "VM Thread" [stack: 0x0000006db6f00000,0x0000006db7000000] [id=17076]
  0x00000180b81b6bb0 WatcherThread [stack: 0x0000006db7c00000,0x0000006db7d00000] [id=159780]
  0x000001809baaddc0 GCTaskThread "GC Thread#0" [stack: 0x0000006db6e00000,0x0000006db6f00000] [id=163224]
  0x00000180b864d730 GCTaskThread "GC Thread#1" [stack: 0x0000006db7e00000,0x0000006db7f00000] [id=75408]
  0x00000180b8652430 GCTaskThread "GC Thread#2" [stack: 0x0000006db7f00000,0x0000006db8000000] [id=166120]
  0x00000180b818a770 GCTaskThread "GC Thread#3" [stack: 0x0000006db8000000,0x0000006db8100000] [id=160912]
  0x00000180b818ae40 GCTaskThread "GC Thread#4" [stack: 0x0000006db8100000,0x0000006db8200000] [id=5696]
  0x00000180b818b100 GCTaskThread "GC Thread#5" [stack: 0x0000006db8200000,0x0000006db8300000] [id=41028]
  0x00000180b818c5f0 GCTaskThread "GC Thread#6" [stack: 0x0000006db8300000,0x0000006db8400000] [id=32044]
  0x00000180b8b30870 GCTaskThread "GC Thread#7" [stack: 0x0000006db8700000,0x0000006db8800000] [id=148100]
  0x00000180b8ce3cb0 GCTaskThread "GC Thread#8" [stack: 0x0000006db7a00000,0x0000006db7b00000] [id=147636]
  0x00000180b8d8c6c0 GCTaskThread "GC Thread#9" [stack: 0x0000006db8800000,0x0000006db8900000] [id=74416]

Threads with active compile tasks:
C2 CompilerThread0    20017 10521       4       java.io.StringWriter::write (11 bytes)
C2 CompilerThread1    20018 10493   !   4       org.eclipse.osgi.internal.loader.BundleLoader::findRequiredSource (283 bytes)
C2 CompilerThread2    20018 10093       4       org.eclipse.jdt.internal.core.builder.ClasspathLocation::findClass (25 bytes)

VM state: not at safepoint (normal execution)

VM Mutex/Monitor currently owned by a thread: None

Heap address: 0x00000000c0000000, size: 1024 MB, Compressed Oops mode: 32-bit

CDS archive(s) not mapped
Compressed class space mapped at: 0x0000000100000000-0x0000000140000000, reserved size: 1073741824
Narrow klass base: 0x0000000000000000, Narrow klass shift: 3, Narrow klass range: 0x140000000

GC Precious Log:
 CPUs: 12 total, 12 available
 Memory: 16219M
 Large Page Support: Disabled
 NUMA Support: Disabled
 Compressed Oops: Enabled (32-bit)
 Alignments: Space 512K, Generation 512K, Heap 2M
 Heap Min Capacity: 100M
 Heap Initial Capacity: 100M
 Heap Max Capacity: 1G
 Pre-touch: Disabled
 Parallel Workers: 10

Heap:
 PSYoungGen      total 2560K, used 1240K [0x00000000eab00000, 0x00000000eae80000, 0x0000000100000000)
  eden space 2048K, 46% used [0x00000000eab00000,0x00000000eabee140,0x00000000ead00000)
  from space 512K, 56% used [0x00000000eae00000,0x00000000eae48000,0x00000000eae80000)
  to   space 512K, 0% used [0x00000000ead80000,0x00000000ead80000,0x00000000eae00000)
 ParOldGen       total 68608K, used 41782K [0x00000000c0000000, 0x00000000c4300000, 0x00000000eab00000)
  object space 68608K, 60% used [0x00000000c0000000,0x00000000c28cdaf0,0x00000000c4300000)
 Metaspace       used 72281K, committed 73600K, reserved 1179648K
  class space    used 7743K, committed 8320K, reserved 1048576K

Card table byte_map: [0x00000180af0c0000,0x00000180af2d0000] _byte_map_base: 0x00000180aeac0000

Marking Bits: (ParMarkBitMap*) 0x00007ffe8a5c58b0
 Begin Bits: [0x00000180af430000, 0x00000180b0430000)
 End Bits:   [0x00000180b0430000, 0x00000180b1430000)

Polling page: 0x000001809b7d0000

Metaspace:

Usage:
  Non-class:     63.03 MB used.
      Class:      7.56 MB used.
       Both:     70.59 MB used.

Virtual space:
  Non-class space:      128.00 MB reserved,      63.75 MB ( 50%) committed,  2 nodes.
      Class space:        1.00 GB reserved,       8.12 MB ( <1%) committed,  1 nodes.
             Both:        1.12 GB reserved,      71.88 MB (  6%) committed. 

Chunk freelists:
   Non-Class:  15.77 MB
       Class:  7.94 MB
        Both:  23.70 MB

MaxMetaspaceSize: unlimited
CompressedClassSpaceSize: 1.00 GB
Initial GC threshold: 21.00 MB
Current GC threshold: 117.50 MB
CDS: off
MetaspaceReclaimPolicy: balanced
 - commit_granule_bytes: 65536.
 - commit_granule_words: 8192.
 - virtual_space_node_default_size: 8388608.
 - enlarge_chunks_in_place: 1.
 - new_chunks_are_fully_committed: 0.
 - uncommit_free_chunks: 1.
 - use_allocation_guard: 0.
 - handle_deallocations: 1.


Internal statistics:

num_allocs_failed_limit: 9.
num_arena_births: 912.
num_arena_deaths: 30.
num_vsnodes_births: 3.
num_vsnodes_deaths: 0.
num_space_committed: 1150.
num_space_uncommitted: 0.
num_chunks_returned_to_freelist: 47.
num_chunks_taken_from_freelist: 3810.
num_chunk_merges: 24.
num_chunk_splits: 2325.
num_chunks_enlarged: 1307.
num_inconsistent_stats: 0.

CodeHeap 'non-profiled nmethods': size=120000Kb used=6302Kb max_used=6302Kb free=113697Kb
 bounds [0x00000180a79b0000, 0x00000180a7fe0000, 0x00000180aeee0000]
CodeHeap 'profiled nmethods': size=120000Kb used=19480Kb max_used=19480Kb free=100519Kb
 bounds [0x000001809fee0000, 0x00000180a11f0000, 0x00000180a7410000]
CodeHeap 'non-nmethods': size=5760Kb used=1397Kb max_used=1484Kb free=4362Kb
 bounds [0x00000180a7410000, 0x00000180a7680000, 0x00000180a79b0000]
 total_blobs=9709 nmethods=8960 adapters=661
 compilation: enabled
              stopped_count=0, restarted_count=0
 full_count=0

Compilation events (20 events):
Event: 19.763 Thread 0x00000180b6935df0 nmethod 10213 0x00000180a7fcee10 code [0x00000180a7fcefc0, 0x00000180a7fcf638]
Event: 19.763 Thread 0x00000180b6935df0 10025       4       org.eclipse.jdt.internal.compiler.lookup.ReferenceBinding$3::compare (46 bytes)
Event: 19.764 Thread 0x00000180bb68fa50 nmethod 10024 0x00000180a7fcf910 code [0x00000180a7fcfaa0, 0x00000180a7fcfcd8]
Event: 19.764 Thread 0x00000180bb68fa50 10026       4       org.eclipse.jdt.internal.compiler.lookup.PackageBinding::getType0 (18 bytes)
Event: 19.766 Thread 0x00000180b6935df0 nmethod 10025 0x00000180a7fcff90 code [0x00000180a7fd0120, 0x00000180a7fd02f8]
Event: 19.766 Thread 0x00000180b6935df0 10022       4       org.eclipse.jdt.internal.compiler.util.CharArray::<init> (10 bytes)
Event: 19.767 Thread 0x00000180b6935df0 nmethod 10022 0x00000180a7fd0510 code [0x00000180a7fd0680, 0x00000180a7fd0718]
Event: 19.767 Thread 0x00000180b6935df0 10004   !   4       org.eclipse.jdt.internal.compiler.lookup.TypeSystem::getUnannotatedType (267 bytes)
Event: 19.773 Thread 0x00000180b6936b60 10489       3       java.util.stream.Collectors$$Lambda$228/0x00000001003c3b30::accept (14 bytes)
Event: 19.773 Thread 0x00000180bb68fa50 nmethod 10026 0x00000180a7fd0810 code [0x00000180a7fd09a0, 0x00000180a7fd0e98]
Event: 19.774 Thread 0x00000180bb68fa50 10014       4       org.eclipse.core.internal.resources.Resource::getFlags (13 bytes)
Event: 19.774 Thread 0x00000180b6936b60 nmethod 10489 0x00000180a11ce590 code [0x00000180a11ce760, 0x00000180a11ced08]
Event: 19.774 Thread 0x00000180bb68fa50 nmethod 10014 0x00000180a7fd1110 code [0x00000180a7fd1280, 0x00000180a7fd1318]
Event: 19.774 Thread 0x00000180bb68fa50 10458       4       org.eclipse.core.internal.events.ResourceDelta::getKind (9 bytes)
Event: 19.775 Thread 0x00000180bb68fa50 nmethod 10458 0x00000180a7fd1410 code [0x00000180a7fd1580, 0x00000180a7fd1618]
Event: 19.775 Thread 0x00000180bb68fa50 10258       4       java.util.regex.Pattern$Node::match (27 bytes)
Event: 19.776 Thread 0x00000180bb68fa50 nmethod 10258 0x00000180a7fd1710 code [0x00000180a7fd1880, 0x00000180a7fd1958]
Event: 19.776 Thread 0x00000180bb68fa50 10141       4       java.util.Collections$UnmodifiableMap$UnmodifiableEntrySet$1::next (20 bytes)
Event: 19.780 Thread 0x00000180b6935df0 nmethod 10004 0x00000180a7fd1a90 code [0x00000180a7fd1c60, 0x00000180a7fd24f8]
Event: 19.786 Thread 0x00000180bb68fa50 nmethod 10141 0x00000180a7fd2990 code [0x00000180a7fd2b40, 0x00000180a7fd2f48]

GC Heap History (20 events):
Event: 19.283 GC heap before
{Heap before GC invocations=341 (full 9):
 PSYoungGen      total 2048K, used 2046K [0x00000000eab00000, 0x00000000eae80000, 0x0000000100000000)
  eden space 1536K, 99% used [0x00000000eab00000,0x00000000eac7f8f0,0x00000000eac80000)
  from space 512K, 100% used [0x00000000eac80000,0x00000000ead00000,0x00000000ead00000)
  to   space 1024K, 0% used [0x00000000ead80000,0x00000000ead80000,0x00000000eae80000)
 ParOldGen       total 68608K, used 38810K [0x00000000c0000000, 0x00000000c4300000, 0x00000000eab00000)
  object space 68608K, 56% used [0x00000000c0000000,0x00000000c25e6ac0,0x00000000c4300000)
 Metaspace       used 71474K, committed 72704K, reserved 1114112K
  class space    used 7660K, committed 8192K, reserved 1048576K
}
Event: 19.284 GC heap after
{Heap after GC invocations=341 (full 9):
 PSYoungGen      total 2560K, used 704K [0x00000000eab00000, 0x00000000eae80000, 0x0000000100000000)
  eden space 1536K, 0% used [0x00000000eab00000,0x00000000eab00000,0x00000000eac80000)
  from space 1024K, 68% used [0x00000000ead80000,0x00000000eae30000,0x00000000eae80000)
  to   space 1024K, 0% used [0x00000000eac80000,0x00000000eac80000,0x00000000ead80000)
 ParOldGen       total 68608K, used 39090K [0x00000000c0000000, 0x00000000c4300000, 0x00000000eab00000)
  object space 68608K, 56% used [0x00000000c0000000,0x00000000c262cac0,0x00000000c4300000)
 Metaspace       used 71474K, committed 72704K, reserved 1114112K
  class space    used 7660K, committed 8192K, reserved 1048576K
}
Event: 19.302 GC heap before
{Heap before GC invocations=342 (full 9):
 PSYoungGen      total 2560K, used 2240K [0x00000000eab00000, 0x00000000eae80000, 0x0000000100000000)
  eden space 1536K, 100% used [0x00000000eab00000,0x00000000eac80000,0x00000000eac80000)
  from space 1024K, 68% used [0x00000000ead80000,0x00000000eae30000,0x00000000eae80000)
  to   space 1024K, 0% used [0x00000000eac80000,0x00000000eac80000,0x00000000ead80000)
 ParOldGen       total 68608K, used 39090K [0x00000000c0000000, 0x00000000c4300000, 0x00000000eab00000)
  object space 68608K, 56% used [0x00000000c0000000,0x00000000c262cac0,0x00000000c4300000)
 Metaspace       used 71503K, committed 72768K, reserved 1114112K
  class space    used 7663K, committed 8192K, reserved 1048576K
}
Event: 19.304 GC heap after
{Heap after GC invocations=342 (full 9):
 PSYoungGen      total 2560K, used 992K [0x00000000eab00000, 0x00000000eaf80000, 0x0000000100000000)
  eden space 1536K, 0% used [0x00000000eab00000,0x00000000eab00000,0x00000000eac80000)
  from space 1024K, 96% used [0x00000000eac80000,0x00000000ead78040,0x00000000ead80000)
  to   space 1536K, 0% used [0x00000000eae00000,0x00000000eae00000,0x00000000eaf80000)
 ParOldGen       total 68608K, used 39114K [0x00000000c0000000, 0x00000000c4300000, 0x00000000eab00000)
  object space 68608K, 57% used [0x00000000c0000000,0x00000000c2632ac0,0x00000000c4300000)
 Metaspace       used 71503K, committed 72768K, reserved 1114112K
  class space    used 7663K, committed 8192K, reserved 1048576K
}
Event: 19.311 GC heap before
{Heap before GC invocations=343 (full 9):
 PSYoungGen      total 2560K, used 2528K [0x00000000eab00000, 0x00000000eaf80000, 0x0000000100000000)
  eden space 1536K, 100% used [0x00000000eab00000,0x00000000eac80000,0x00000000eac80000)
  from space 1024K, 96% used [0x00000000eac80000,0x00000000ead78040,0x00000000ead80000)
  to   space 1536K, 0% used [0x00000000eae00000,0x00000000eae00000,0x00000000eaf80000)
 ParOldGen       total 68608K, used 39114K [0x00000000c0000000, 0x00000000c4300000, 0x00000000eab00000)
  object space 68608K, 57% used [0x00000000c0000000,0x00000000c2632ac0,0x00000000c4300000)
 Metaspace       used 71507K, committed 72768K, reserved 1114112K
  class space    used 7663K, committed 8192K, reserved 1048576K
}
Event: 19.313 GC heap after
{Heap after GC invocations=343 (full 9):
 PSYoungGen      total 2560K, used 896K [0x00000000eab00000, 0x00000000eaf00000, 0x0000000100000000)
  eden space 1536K, 0% used [0x00000000eab00000,0x00000000eab00000,0x00000000eac80000)
  from space 1024K, 87% used [0x00000000eae00000,0x00000000eaee0020,0x00000000eaf00000)
  to   space 1024K, 0% used [0x00000000eac80000,0x00000000eac80000,0x00000000ead80000)
 ParOldGen       total 68608K, used 39690K [0x00000000c0000000, 0x00000000c4300000, 0x00000000eab00000)
  object space 68608K, 57% used [0x00000000c0000000,0x00000000c26c2ac0,0x00000000c4300000)
 Metaspace       used 71507K, committed 72768K, reserved 1114112K
  class space    used 7663K, committed 8192K, reserved 1048576K
}
Event: 19.316 GC heap before
{Heap before GC invocations=344 (full 9):
 PSYoungGen      total 2560K, used 2432K [0x00000000eab00000, 0x00000000eaf00000, 0x0000000100000000)
  eden space 1536K, 100% used [0x00000000eab00000,0x00000000eac80000,0x00000000eac80000)
  from space 1024K, 87% used [0x00000000eae00000,0x00000000eaee0020,0x00000000eaf00000)
  to   space 1024K, 0% used [0x00000000eac80000,0x00000000eac80000,0x00000000ead80000)
 ParOldGen       total 68608K, used 39690K [0x00000000c0000000, 0x00000000c4300000, 0x00000000eab00000)
  object space 68608K, 57% used [0x00000000c0000000,0x00000000c26c2ac0,0x00000000c4300000)
 Metaspace       used 71511K, committed 72768K, reserved 1114112K
  class space    used 7664K, committed 8192K, reserved 1048576K
}
Event: 19.317 GC heap after
{Heap after GC invocations=344 (full 9):
 PSYoungGen      total 2560K, used 608K [0x00000000eab00000, 0x00000000eaf00000, 0x0000000100000000)
  eden space 1536K, 0% used [0x00000000eab00000,0x00000000eab00000,0x00000000eac80000)
  from space 1024K, 59% used [0x00000000eac80000,0x00000000ead18000,0x00000000ead80000)
  to   space 1024K, 0% used [0x00000000eae00000,0x00000000eae00000,0x00000000eaf00000)
 ParOldGen       total 68608K, used 40302K [0x00000000c0000000, 0x00000000c4300000, 0x00000000eab00000)
  object space 68608K, 58% used [0x00000000c0000000,0x00000000c275baf0,0x00000000c4300000)
 Metaspace       used 71511K, committed 72768K, reserved 1114112K
  class space    used 7664K, committed 8192K, reserved 1048576K
}
Event: 19.323 GC heap before
{Heap before GC invocations=345 (full 9):
 PSYoungGen      total 2560K, used 2144K [0x00000000eab00000, 0x00000000eaf00000, 0x0000000100000000)
  eden space 1536K, 100% used [0x00000000eab00000,0x00000000eac80000,0x00000000eac80000)
  from space 1024K, 59% used [0x00000000eac80000,0x00000000ead18000,0x00000000ead80000)
  to   space 1024K, 0% used [0x00000000eae00000,0x00000000eae00000,0x00000000eaf00000)
 ParOldGen       total 68608K, used 40302K [0x00000000c0000000, 0x00000000c4300000, 0x00000000eab00000)
  object space 68608K, 58% used [0x00000000c0000000,0x00000000c275baf0,0x00000000c4300000)
 Metaspace       used 71521K, committed 72768K, reserved 1114112K
  class space    used 7666K, committed 8192K, reserved 1048576K
}
Event: 19.325 GC heap after
{Heap after GC invocations=345 (full 9):
 PSYoungGen      total 3072K, used 544K [0x00000000eab00000, 0x00000000eaf00000, 0x0000000100000000)
  eden space 2048K, 0% used [0x00000000eab00000,0x00000000eab00000,0x00000000ead00000)
  from space 1024K, 53% used [0x00000000eae00000,0x00000000eae88000,0x00000000eaf00000)
  to   space 1024K, 0% used [0x00000000ead00000,0x00000000ead00000,0x00000000eae00000)
 ParOldGen       total 68608K, used 40774K [0x00000000c0000000, 0x00000000c4300000, 0x00000000eab00000)
  object space 68608K, 59% used [0x00000000c0000000,0x00000000c27d1af0,0x00000000c4300000)
 Metaspace       used 71521K, committed 72768K, reserved 1114112K
  class space    used 7666K, committed 8192K, reserved 1048576K
}
Event: 19.332 GC heap before
{Heap before GC invocations=346 (full 9):
 PSYoungGen      total 3072K, used 2592K [0x00000000eab00000, 0x00000000eaf00000, 0x0000000100000000)
  eden space 2048K, 100% used [0x00000000eab00000,0x00000000ead00000,0x00000000ead00000)
  from space 1024K, 53% used [0x00000000eae00000,0x00000000eae88000,0x00000000eaf00000)
  to   space 1024K, 0% used [0x00000000ead00000,0x00000000ead00000,0x00000000eae00000)
 ParOldGen       total 68608K, used 40774K [0x00000000c0000000, 0x00000000c4300000, 0x00000000eab00000)
  object space 68608K, 59% used [0x00000000c0000000,0x00000000c27d1af0,0x00000000c4300000)
 Metaspace       used 71527K, committed 72768K, reserved 1114112K
  class space    used 7666K, committed 8192K, reserved 1048576K
}
Event: 19.334 GC heap after
{Heap after GC invocations=346 (full 9):
 PSYoungGen      total 3072K, used 480K [0x00000000eab00000, 0x00000000eae80000, 0x0000000100000000)
  eden space 2048K, 0% used [0x00000000eab00000,0x00000000eab00000,0x00000000ead00000)
  from space 1024K, 46% used [0x00000000ead00000,0x00000000ead78000,0x00000000eae00000)
  to   space 512K, 0% used [0x00000000eae00000,0x00000000eae00000,0x00000000eae80000)
 ParOldGen       total 68608K, used 41110K [0x00000000c0000000, 0x00000000c4300000, 0x00000000eab00000)
  object space 68608K, 59% used [0x00000000c0000000,0x00000000c2825af0,0x00000000c4300000)
 Metaspace       used 71527K, committed 72768K, reserved 1114112K
  class space    used 7666K, committed 8192K, reserved 1048576K
}
Event: 19.403 GC heap before
{Heap before GC invocations=347 (full 9):
 PSYoungGen      total 3072K, used 2528K [0x00000000eab00000, 0x00000000eae80000, 0x0000000100000000)
  eden space 2048K, 100% used [0x00000000eab00000,0x00000000ead00000,0x00000000ead00000)
  from space 1024K, 46% used [0x00000000ead00000,0x00000000ead78000,0x00000000eae00000)
  to   space 512K, 0% used [0x00000000eae00000,0x00000000eae00000,0x00000000eae80000)
 ParOldGen       total 68608K, used 41110K [0x00000000c0000000, 0x00000000c4300000, 0x00000000eab00000)
  object space 68608K, 59% used [0x00000000c0000000,0x00000000c2825af0,0x00000000c4300000)
 Metaspace       used 71614K, committed 72896K, reserved 1114112K
  class space    used 7677K, committed 8256K, reserved 1048576K
}
Event: 19.404 GC heap after
{Heap after GC invocations=347 (full 9):
 PSYoungGen      total 2560K, used 288K [0x00000000eab00000, 0x00000000eae80000, 0x0000000100000000)
  eden space 2048K, 0% used [0x00000000eab00000,0x00000000eab00000,0x00000000ead00000)
  from space 512K, 56% used [0x00000000eae00000,0x00000000eae48000,0x00000000eae80000)
  to   space 512K, 0% used [0x00000000ead80000,0x00000000ead80000,0x00000000eae00000)
 ParOldGen       total 68608K, used 41254K [0x00000000c0000000, 0x00000000c4300000, 0x00000000eab00000)
  object space 68608K, 60% used [0x00000000c0000000,0x00000000c2849af0,0x00000000c4300000)
 Metaspace       used 71614K, committed 72896K, reserved 1114112K
  class space    used 7677K, committed 8256K, reserved 1048576K
}
Event: 19.443 GC heap before
{Heap before GC invocations=348 (full 9):
 PSYoungGen      total 2560K, used 2336K [0x00000000eab00000, 0x00000000eae80000, 0x0000000100000000)
  eden space 2048K, 100% used [0x00000000eab00000,0x00000000ead00000,0x00000000ead00000)
  from space 512K, 56% used [0x00000000eae00000,0x00000000eae48000,0x00000000eae80000)
  to   space 512K, 0% used [0x00000000ead80000,0x00000000ead80000,0x00000000eae00000)
 ParOldGen       total 68608K, used 41254K [0x00000000c0000000, 0x00000000c4300000, 0x00000000eab00000)
  object space 68608K, 60% used [0x00000000c0000000,0x00000000c2849af0,0x00000000c4300000)
 Metaspace       used 71747K, committed 73024K, reserved 1114112K
  class space    used 7694K, committed 8256K, reserved 1048576K
}
Event: 19.444 GC heap after
{Heap after GC invocations=348 (full 9):
 PSYoungGen      total 2560K, used 288K [0x00000000eab00000, 0x00000000eae80000, 0x0000000100000000)
  eden space 2048K, 0% used [0x00000000eab00000,0x00000000eab00000,0x00000000ead00000)
  from space 512K, 56% used [0x00000000ead80000,0x00000000eadc8000,0x00000000eae00000)
  to   space 512K, 0% used [0x00000000eae00000,0x00000000eae00000,0x00000000eae80000)
 ParOldGen       total 68608K, used 41406K [0x00000000c0000000, 0x00000000c4300000, 0x00000000eab00000)
  object space 68608K, 60% used [0x00000000c0000000,0x00000000c286fb00,0x00000000c4300000)
 Metaspace       used 71747K, committed 73024K, reserved 1114112K
  class space    used 7694K, committed 8256K, reserved 1048576K
}
Event: 19.488 GC heap before
{Heap before GC invocations=349 (full 9):
 PSYoungGen      total 2560K, used 2336K [0x00000000eab00000, 0x00000000eae80000, 0x0000000100000000)
  eden space 2048K, 100% used [0x00000000eab00000,0x00000000ead00000,0x00000000ead00000)
  from space 512K, 56% used [0x00000000ead80000,0x00000000eadc8000,0x00000000eae00000)
  to   space 512K, 0% used [0x00000000eae00000,0x00000000eae00000,0x00000000eae80000)
 ParOldGen       total 68608K, used 41406K [0x00000000c0000000, 0x00000000c4300000, 0x00000000eab00000)
  object space 68608K, 60% used [0x00000000c0000000,0x00000000c286fb00,0x00000000c4300000)
 Metaspace       used 71997K, committed 73280K, reserved 1179648K
  class space    used 7715K, committed 8256K, reserved 1048576K
}
Event: 19.489 GC heap after
{Heap after GC invocations=349 (full 9):
 PSYoungGen      total 2560K, used 389K [0x00000000eab00000, 0x00000000eae80000, 0x0000000100000000)
  eden space 2048K, 0% used [0x00000000eab00000,0x00000000eab00000,0x00000000ead00000)
  from space 512K, 75% used [0x00000000eae00000,0x00000000eae61420,0x00000000eae80000)
  to   space 512K, 0% used [0x00000000ead80000,0x00000000ead80000,0x00000000eae00000)
 ParOldGen       total 68608K, used 41548K [0x00000000c0000000, 0x00000000c4300000, 0x00000000eab00000)
  object space 68608K, 60% used [0x00000000c0000000,0x00000000c2893228,0x00000000c4300000)
 Metaspace       used 71997K, committed 73280K, reserved 1179648K
  class space    used 7715K, committed 8256K, reserved 1048576K
}
Event: 19.609 GC heap before
{Heap before GC invocations=350 (full 9):
 PSYoungGen      total 2560K, used 2437K [0x00000000eab00000, 0x00000000eae80000, 0x0000000100000000)
  eden space 2048K, 100% used [0x00000000eab00000,0x00000000ead00000,0x00000000ead00000)
  from space 512K, 75% used [0x00000000eae00000,0x00000000eae61420,0x00000000eae80000)
  to   space 512K, 0% used [0x00000000ead80000,0x00000000ead80000,0x00000000eae00000)
 ParOldGen       total 68608K, used 41548K [0x00000000c0000000, 0x00000000c4300000, 0x00000000eab00000)
  object space 68608K, 60% used [0x00000000c0000000,0x00000000c2893228,0x00000000c4300000)
 Metaspace       used 72147K, committed 73536K, reserved 1179648K
  class space    used 7728K, committed 8320K, reserved 1048576K
}
Event: 19.610 GC heap after
{Heap after GC invocations=350 (full 9):
 PSYoungGen      total 2560K, used 320K [0x00000000eab00000, 0x00000000eae80000, 0x0000000100000000)
  eden space 2048K, 0% used [0x00000000eab00000,0x00000000eab00000,0x00000000ead00000)
  from space 512K, 62% used [0x00000000ead80000,0x00000000eadd0000,0x00000000eae00000)
  to   space 512K, 0% used [0x00000000eae00000,0x00000000eae00000,0x00000000eae80000)
 ParOldGen       total 68608K, used 41774K [0x00000000c0000000, 0x00000000c4300000, 0x00000000eab00000)
  object space 68608K, 60% used [0x00000000c0000000,0x00000000c28cbaf0,0x00000000c4300000)
 Metaspace       used 72147K, committed 73536K, reserved 1179648K
  class space    used 7728K, committed 8320K, reserved 1048576K
}

Dll operation events (12 events):
Event: 0.017 Loaded shared library c:\Users\bilal\.vscode\extensions\redhat.java-1.35.1-win32-x64\jre\17.0.12-win32-x86_64\bin\java.dll
Event: 0.288 Loaded shared library c:\Users\bilal\.vscode\extensions\redhat.java-1.35.1-win32-x64\jre\17.0.12-win32-x86_64\bin\zip.dll
Event: 0.292 Loaded shared library C:\Users\bilal\.vscode\extensions\redhat.java-1.35.1-win32-x64\jre\17.0.12-win32-x86_64\bin\instrument.dll
Event: 0.341 Loaded shared library C:\Users\bilal\.vscode\extensions\redhat.java-1.35.1-win32-x64\jre\17.0.12-win32-x86_64\bin\net.dll
Event: 0.363 Loaded shared library C:\Users\bilal\.vscode\extensions\redhat.java-1.35.1-win32-x64\jre\17.0.12-win32-x86_64\bin\nio.dll
Event: 0.372 Loaded shared library C:\Users\bilal\.vscode\extensions\redhat.java-1.35.1-win32-x64\jre\17.0.12-win32-x86_64\bin\zip.dll
Event: 0.396 Loaded shared library C:\Users\bilal\.vscode\extensions\redhat.java-1.35.1-win32-x64\jre\17.0.12-win32-x86_64\bin\jimage.dll
Event: 0.495 Loaded shared library c:\Users\bilal\.vscode\extensions\redhat.java-1.35.1-win32-x64\jre\17.0.12-win32-x86_64\bin\verify.dll
Event: 1.953 Loaded shared library C:\Users\bilal\AppData\Roaming\Code\User\globalStorage\redhat.java\1.35.1\config_win\org.eclipse.equinox.launcher\org.eclipse.equinox.launcher.win32.win32.x86_64_1.2.1100.v20240722-2106\eclipse_11904.dll
Event: 4.123 Loaded shared library C:\Users\bilal\AppData\Local\Temp\jna-93740016\jna65195438490799108.dll
Event: 7.636 Loaded shared library C:\Users\bilal\.vscode\extensions\redhat.java-1.35.1-win32-x64\jre\17.0.12-win32-x86_64\bin\sunmscapi.dll
Event: 7.742 Loaded shared library C:\Users\bilal\.vscode\extensions\redhat.java-1.35.1-win32-x64\jre\17.0.12-win32-x86_64\bin\extnet.dll

Deoptimization events (20 events):
Event: 19.424 Thread 0x00000180b9342c60 Uncommon trap: trap_request=0xffffffc6 fr.pc=0x00000180a7a9ac2c relative=0x000000000000008c
Event: 19.424 Thread 0x00000180b9342c60 Uncommon trap: reason=bimorphic_or_optimized_type_check action=maybe_recompile pc=0x00000180a7a9ac2c method=com.google.inject.internal.LinkedBindingImpl.acceptTargetVisitor(Lcom/google/inject/spi/BindingTargetVisitor;)Ljava/lang/Object; @ 2 c2
Event: 19.424 Thread 0x00000180b9342c60 DEOPT PACKING pc=0x00000180a7a9ac2c sp=0x0000006db8efcb50
Event: 19.424 Thread 0x00000180b9342c60 DEOPT UNPACKING pc=0x00000180a74666a3 sp=0x0000006db8efcad8 mode 2
Event: 19.424 Thread 0x00000180b9342c60 Uncommon trap: trap_request=0xffffffc6 fr.pc=0x00000180a7a9ac2c relative=0x000000000000008c
Event: 19.425 Thread 0x00000180b9342c60 Uncommon trap: reason=bimorphic_or_optimized_type_check action=maybe_recompile pc=0x00000180a7a9ac2c method=com.google.inject.internal.LinkedBindingImpl.acceptTargetVisitor(Lcom/google/inject/spi/BindingTargetVisitor;)Ljava/lang/Object; @ 2 c2
Event: 19.425 Thread 0x00000180b9342c60 DEOPT PACKING pc=0x00000180a7a9ac2c sp=0x0000006db8efcb50
Event: 19.425 Thread 0x00000180b9342c60 DEOPT UNPACKING pc=0x00000180a74666a3 sp=0x0000006db8efcad8 mode 2
Event: 19.435 Thread 0x00000180b9342c60 Uncommon trap: trap_request=0xffffffc6 fr.pc=0x00000180a7a9ac2c relative=0x000000000000008c
Event: 19.435 Thread 0x00000180b9342c60 Uncommon trap: reason=bimorphic_or_optimized_type_check action=maybe_recompile pc=0x00000180a7a9ac2c method=com.google.inject.internal.LinkedBindingImpl.acceptTargetVisitor(Lcom/google/inject/spi/BindingTargetVisitor;)Ljava/lang/Object; @ 2 c2
Event: 19.435 Thread 0x00000180b9342c60 DEOPT PACKING pc=0x00000180a7a9ac2c sp=0x0000006db8efcb50
Event: 19.435 Thread 0x00000180b9342c60 DEOPT UNPACKING pc=0x00000180a74666a3 sp=0x0000006db8efcad8 mode 2
Event: 19.436 Thread 0x00000180b9342c60 Uncommon trap: trap_request=0xffffffc6 fr.pc=0x00000180a7a9ac2c relative=0x000000000000008c
Event: 19.436 Thread 0x00000180b9342c60 Uncommon trap: reason=bimorphic_or_optimized_type_check action=maybe_recompile pc=0x00000180a7a9ac2c method=com.google.inject.internal.LinkedBindingImpl.acceptTargetVisitor(Lcom/google/inject/spi/BindingTargetVisitor;)Ljava/lang/Object; @ 2 c2
Event: 19.436 Thread 0x00000180b9342c60 DEOPT PACKING pc=0x00000180a7a9ac2c sp=0x0000006db8efcb50
Event: 19.436 Thread 0x00000180b9342c60 DEOPT UNPACKING pc=0x00000180a74666a3 sp=0x0000006db8efcad8 mode 2
Event: 19.474 Thread 0x00000180b9342c60 DEOPT PACKING pc=0x00000180a117573f sp=0x0000006db8efaac0
Event: 19.474 Thread 0x00000180b9342c60 DEOPT UNPACKING pc=0x00000180a7466e43 sp=0x0000006db8ef9fc8 mode 0
Event: 19.712 Thread 0x00000180b9342c60 DEOPT PACKING pc=0x00000180a0de33c0 sp=0x0000006db8efe140
Event: 19.712 Thread 0x00000180b9342c60 DEOPT UNPACKING pc=0x00000180a7466e43 sp=0x0000006db8efd648 mode 0

Classes loaded (20 events):
Event: 17.837 Loading class java/util/stream/Nodes$IntFixedNodeBuilder
Event: 17.837 Loading class java/util/stream/Node$Builder$OfInt
Event: 17.837 Loading class java/util/stream/Node$Builder$OfInt done
Event: 17.837 Loading class java/util/stream/Nodes$IntArrayNode
Event: 17.837 Loading class java/util/stream/Nodes$IntArrayNode done
Event: 17.838 Loading class java/util/stream/Nodes$IntFixedNodeBuilder done
Event: 17.838 Loading class java/util/stream/ReferencePipeline$4$1
Event: 17.838 Loading class java/util/stream/ReferencePipeline$4$1 done
Event: 18.077 Loading class java/util/Hashtable$ValueCollection
Event: 18.077 Loading class java/util/Hashtable$ValueCollection done
Event: 19.277 Loading class java/util/LinkedList$LLSpliterator
Event: 19.277 Loading class java/util/LinkedList$LLSpliterator done
Event: 19.512 Loading class java/nio/file/attribute/PosixFileAttributes
Event: 19.512 Loading class java/nio/file/attribute/PosixFileAttributes done
Event: 19.747 Loading class java/util/stream/ReduceOps$5
Event: 19.748 Loading class java/util/stream/ReduceOps$5 done
Event: 19.749 Loading class java/util/stream/ReduceOps$CountingSink$OfRef
Event: 19.750 Loading class java/util/stream/ReduceOps$CountingSink
Event: 19.750 Loading class java/util/stream/ReduceOps$CountingSink done
Event: 19.750 Loading class java/util/stream/ReduceOps$CountingSink$OfRef done

Classes unloaded (15 events):
Event: 6.222 Thread 0x000001809bb3ec10 Unloading class 0x000000010024a400 'java/lang/invoke/LambdaForm$MH+0x000000010024a400'
Event: 6.222 Thread 0x000001809bb3ec10 Unloading class 0x000000010024a000 'java/lang/invoke/LambdaForm$MH+0x000000010024a000'
Event: 6.222 Thread 0x000001809bb3ec10 Unloading class 0x0000000100249c00 'java/lang/invoke/LambdaForm$MH+0x0000000100249c00'
Event: 6.222 Thread 0x000001809bb3ec10 Unloading class 0x0000000100249800 'java/lang/invoke/LambdaForm$MH+0x0000000100249800'
Event: 6.222 Thread 0x000001809bb3ec10 Unloading class 0x0000000100249400 'java/lang/invoke/LambdaForm$BMH+0x0000000100249400'
Event: 6.222 Thread 0x000001809bb3ec10 Unloading class 0x0000000100249000 'java/lang/invoke/LambdaForm$DMH+0x0000000100249000'
Event: 6.222 Thread 0x000001809bb3ec10 Unloading class 0x0000000100244400 'java/lang/invoke/LambdaForm$DMH+0x0000000100244400'
Event: 9.943 Thread 0x000001809bb3ec10 Unloading class 0x00000001006bec00 'java/lang/invoke/LambdaForm$MH+0x00000001006bec00'
Event: 9.943 Thread 0x000001809bb3ec10 Unloading class 0x00000001006be800 'java/lang/invoke/LambdaForm$MH+0x00000001006be800'
Event: 9.943 Thread 0x000001809bb3ec10 Unloading class 0x00000001006be400 'java/lang/invoke/LambdaForm$MH+0x00000001006be400'
Event: 9.943 Thread 0x000001809bb3ec10 Unloading class 0x00000001006be000 'java/lang/invoke/LambdaForm$MH+0x00000001006be000'
Event: 9.943 Thread 0x000001809bb3ec10 Unloading class 0x00000001006bd800 'java/lang/invoke/LambdaForm$DMH+0x00000001006bd800'
Event: 9.943 Thread 0x000001809bb3ec10 Unloading class 0x00000001006bd400 'java/lang/invoke/LambdaForm$DMH+0x00000001006bd400'
Event: 9.943 Thread 0x000001809bb3ec10 Unloading class 0x00000001006bcc00 'java/lang/invoke/LambdaForm$DMH+0x00000001006bcc00'
Event: 9.943 Thread 0x000001809bb3ec10 Unloading class 0x00000001006bd000 'java/lang/invoke/LambdaForm$DMH+0x00000001006bd000'

Classes redefined (0 events):
No events

Internal exceptions (20 events):
Event: 18.833 Thread 0x00000180b9342c60 Implicit null exception at 0x00000180a7f42472 to 0x00000180a7f430ec
Event: 18.915 Thread 0x00000180b9342c60 Implicit null exception at 0x00000180a7f0ab86 to 0x00000180a7f0b30c
Event: 19.121 Thread 0x00000180b9342c60 Exception <a 'sun/nio/fs/WindowsException'{0x00000000eabaafa0}> (0x00000000eabaafa0) 
thrown [s\src\hotspot\share\prims\jni.cpp, line 516]
Event: 19.121 Thread 0x00000180b9342c60 Exception <a 'sun/nio/fs/WindowsException'{0x00000000eabab5f8}> (0x00000000eabab5f8) 
thrown [s\src\hotspot\share\prims\jni.cpp, line 516]
Event: 19.135 Thread 0x00000180b9342c60 Exception <a 'java/lang/NoSuchMethodError'{0x00000000eac27500}: 'java.lang.Object java.lang.invoke.DirectMethodHandle$Holder.newInvokeSpecial(java.lang.Object, java.lang.Object, int, java.lang.Object, java.lang.Object)'> (0x00000000eac27500) 
thrown [s\src\hotspot\share\interpreter\linkResolver.cpp, line 759]
Event: 19.136 Thread 0x00000180b9342c60 Exception <a 'java/lang/NoSuchMethodError'{0x00000000eac2b6a8}: 'java.lang.Object java.lang.invoke.Invokers$Holder.linkToTargetMethod(java.lang.Object, int, java.lang.Object, java.lang.Object, java.lang.Object)'> (0x00000000eac2b6a8) 
thrown [s\src\hotspot\share\interpreter\linkResolver.cpp, line 759]
Event: 19.141 Thread 0x00000180b9342c60 Exception <a 'java/lang/NoSuchMethodError'{0x00000000eac42a40}: 'java.lang.Object java.lang.invoke.DirectMethodHandle$Holder.invokeSpecial(java.lang.Object, java.lang.Object, java.lang.Object, int, java.lang.Object, java.lang.Object, java.lang.Object)'> (0x00000000eac42a40) 
thrown [s\src\hotspot\share\interpreter\linkResolver.cpp, line 759]
Event: 19.143 Thread 0x00000180b9342c60 Exception <a 'java/lang/NoSuchMethodError'{0x00000000eac4bcf8}: 'java.lang.Object java.lang.invoke.DirectMethodHandle$Holder.invokeStatic(java.lang.Object, java.lang.Object, int, java.lang.Object, java.lang.Object)'> (0x00000000eac4bcf8) 
thrown [s\src\hotspot\share\interpreter\linkResolver.cpp, line 759]
Event: 19.164 Thread 0x00000180b9342c60 Exception <a 'java/lang/NoSuchMethodError'{0x00000000eab7c3f8}: 'void java.lang.invoke.DirectMethodHandle$Holder.invokeStatic(java.lang.Object, int)'> (0x00000000eab7c3f8) 
thrown [s\src\hotspot\share\interpreter\linkResolver.cpp, line 759]
Event: 19.250 Thread 0x00000180b9342c60 Exception <a 'java/io/FileNotFoundException'{0x00000000eab63648}> (0x00000000eab63648) 
thrown [s\src\hotspot\share\prims\jni.cpp, line 516]
Event: 19.251 Thread 0x00000180b9342c60 Exception <a 'java/io/FileNotFoundException'{0x00000000eab648d8}> (0x00000000eab648d8) 
thrown [s\src\hotspot\share\prims\jni.cpp, line 516]
Event: 19.251 Thread 0x00000180b9342c60 Exception <a 'java/io/FileNotFoundException'{0x00000000eab660c0}> (0x00000000eab660c0) 
thrown [s\src\hotspot\share\prims\jni.cpp, line 516]
Event: 19.264 Thread 0x00000180b9342c60 Exception <a 'java/lang/NoSuchMethodError'{0x00000000eabc76e0}: 'int java.lang.invoke.DirectMethodHandle$Holder.invokeStatic(java.lang.Object, java.lang.Object, java.lang.Object, java.lang.Object, java.lang.Object, java.lang.Object)'> (0x00000000eabc76e0) 
thrown [s\src\hotspot\share\interpreter\linkResolver.cpp, line 759]
Event: 19.460 Thread 0x00000180b9342c60 Exception <a 'java/lang/NoSuchMethodError'{0x00000000eab8dc90}: 'java.lang.Object java.lang.invoke.DirectMethodHandle$Holder.invokeVirtual(java.lang.Object, java.lang.Object, java.lang.Object)'> (0x00000000eab8dc90) 
thrown [s\src\hotspot\share\interpreter\linkResolver.cpp, line 759]
Event: 19.509 Thread 0x00000180b9342c60 Exception <a 'sun/nio/fs/WindowsException'{0x00000000eabe7578}> (0x00000000eabe7578) 
thrown [s\src\hotspot\share\prims\jni.cpp, line 516]
Event: 19.515 Thread 0x00000180b9342c60 Exception <a 'sun/nio/fs/WindowsException'{0x00000000eabecc88}> (0x00000000eabecc88) 
thrown [s\src\hotspot\share\prims\jni.cpp, line 516]
Event: 19.520 Thread 0x00000180b9342c60 Exception <a 'sun/nio/fs/WindowsException'{0x00000000eabee638}> (0x00000000eabee638) 
thrown [s\src\hotspot\share\prims\jni.cpp, line 516]
Event: 19.524 Thread 0x00000180b9342c60 Exception <a 'sun/nio/fs/WindowsException'{0x00000000eabf00f8}> (0x00000000eabf00f8) 
thrown [s\src\hotspot\share\prims\jni.cpp, line 516]
Event: 19.752 Thread 0x00000180b9343680 Exception <a 'sun/nio/fs/WindowsException'{0x00000000eacc5868}> (0x00000000eacc5868) 
thrown [s\src\hotspot\share\prims\jni.cpp, line 516]
Event: 19.752 Thread 0x00000180b9343680 Exception <a 'sun/nio/fs/WindowsException'{0x00000000eacc6128}> (0x00000000eacc6128) 
thrown [s\src\hotspot\share\prims\jni.cpp, line 516]

VM Operations (20 events):
Event: 19.302 Executing VM operation: ParallelGCFailedAllocation
Event: 19.305 Executing VM operation: ParallelGCFailedAllocation done
Event: 19.311 Executing VM operation: ParallelGCFailedAllocation
Event: 19.314 Executing VM operation: ParallelGCFailedAllocation done
Event: 19.316 Executing VM operation: ParallelGCFailedAllocation
Event: 19.317 Executing VM operation: ParallelGCFailedAllocation done
Event: 19.323 Executing VM operation: ParallelGCFailedAllocation
Event: 19.325 Executing VM operation: ParallelGCFailedAllocation done
Event: 19.332 Executing VM operation: ParallelGCFailedAllocation
Event: 19.334 Executing VM operation: ParallelGCFailedAllocation done
Event: 19.403 Executing VM operation: ParallelGCFailedAllocation
Event: 19.404 Executing VM operation: ParallelGCFailedAllocation done
Event: 19.443 Executing VM operation: ParallelGCFailedAllocation
Event: 19.444 Executing VM operation: ParallelGCFailedAllocation done
Event: 19.488 Executing VM operation: ParallelGCFailedAllocation
Event: 19.489 Executing VM operation: ParallelGCFailedAllocation done
Event: 19.608 Executing VM operation: ParallelGCFailedAllocation
Event: 19.610 Executing VM operation: ParallelGCFailedAllocation done
Event: 19.749 Executing VM operation: HandshakeAllThreads
Event: 19.749 Executing VM operation: HandshakeAllThreads done

Events (20 events):
Event: 16.661 Thread 0x00000180bb691a30 Thread exited: 0x00000180bb691a30
Event: 17.088 Thread 0x00000180bb68fa50 Thread added: 0x00000180bb68fa50
Event: 17.483 Thread 0x00000180bb68fa50 Thread exited: 0x00000180bb68fa50
Event: 17.758 Thread 0x00000180bb68fa50 Thread added: 0x00000180bb68fa50
Event: 17.818 Thread 0x00000180bb68ffa0 Thread added: 0x00000180bb68ffa0
Event: 17.821 Thread 0x00000180b693d840 flushing nmethod 0x00000180a0591390
Event: 17.833 Thread 0x00000180b693d840 flushing nmethod 0x00000180a0bbd190
Event: 17.834 Thread 0x00000180b693d840 flushing nmethod 0x00000180a0c44590
Event: 17.835 Thread 0x00000180b693d840 flushing nmethod 0x00000180a0cbd290
Event: 18.218 Thread 0x00000180bb73d4e0 Thread added: 0x00000180bb73d4e0
Event: 19.296 Thread 0x00000180bb73ee30 Thread added: 0x00000180bb73ee30
Event: 19.296 Thread 0x00000180bb740780 Thread added: 0x00000180bb740780
Event: 19.297 Thread 0x00000180bb73f340 Thread added: 0x00000180bb73f340
Event: 19.297 Thread 0x00000180bb73fd60 Thread added: 0x00000180bb73fd60
Event: 19.297 Thread 0x00000180b93459f0 Thread added: 0x00000180b93459f0
Event: 19.340 Thread 0x00000180bb73ee30 Thread exited: 0x00000180bb73ee30
Event: 19.340 Thread 0x00000180bb73f340 Thread exited: 0x00000180bb73f340
Event: 19.340 Thread 0x00000180bb740780 Thread exited: 0x00000180bb740780
Event: 19.340 Thread 0x00000180bb73fd60 Thread exited: 0x00000180bb73fd60
Event: 19.340 Thread 0x00000180b93459f0 Thread exited: 0x00000180b93459f0


Dynamic libraries:
0x00007ff697b60000 - 0x00007ff697b6e000 	c:\Users\bilal\.vscode\extensions\redhat.java-1.35.1-win32-x64\jre\17.0.12-win32-x86_64\bin\java.exe
0x00007fff8d7d0000 - 0x00007fff8d9e7000 	C:\WINDOWS\SYSTEM32\ntdll.dll
0x00007fff4d1a0000 - 0x00007fff4d1ba000 	C:\Program Files\Avast Software\Avast\aswhook.dll
0x00007fff8bdf0000 - 0x00007fff8beb4000 	C:\WINDOWS\System32\KERNEL32.DLL
0x00007fff8b0a0000 - 0x00007fff8b457000 	C:\WINDOWS\System32\KERNELBASE.dll
0x00007fff8aba0000 - 0x00007fff8acb1000 	C:\WINDOWS\System32\ucrtbase.dll
0x00007fff7e710000 - 0x00007fff7e72b000 	c:\Users\bilal\.vscode\extensions\redhat.java-1.35.1-win32-x64\jre\17.0.12-win32-x86_64\bin\VCRUNTIME140.dll
0x00007fff5eda0000 - 0x00007fff5edb7000 	c:\Users\bilal\.vscode\extensions\redhat.java-1.35.1-win32-x64\jre\17.0.12-win32-x86_64\bin\jli.dll
0x00007fff8d060000 - 0x00007fff8d20f000 	C:\WINDOWS\System32\USER32.dll
0x00007fff8aeb0000 - 0x00007fff8aed6000 	C:\WINDOWS\System32\win32u.dll
0x00007fff8b610000 - 0x00007fff8b639000 	C:\WINDOWS\System32\GDI32.dll
0x00007fff6a430000 - 0x00007fff6a6c3000 	C:\WINDOWS\WinSxS\amd64_microsoft.windows.common-controls_6595b64144ccf1df_6.0.22621.3672_none_2713b9d173822955\COMCTL32.dll
0x00007fff8af80000 - 0x00007fff8b098000 	C:\WINDOWS\System32\gdi32full.dll
0x00007fff8b560000 - 0x00007fff8b607000 	C:\WINDOWS\System32\msvcrt.dll
0x00007fff8b460000 - 0x00007fff8b4fa000 	C:\WINDOWS\System32\msvcp_win.dll
0x00007fff8d210000 - 0x00007fff8d241000 	C:\WINDOWS\System32\IMM32.DLL
0x00007fff805a0000 - 0x00007fff805ac000 	c:\Users\bilal\.vscode\extensions\redhat.java-1.35.1-win32-x64\jre\17.0.12-win32-x86_64\bin\vcruntime140_1.dll
0x00007ffef0dc0000 - 0x00007ffef0e4d000 	c:\Users\bilal\.vscode\extensions\redhat.java-1.35.1-win32-x64\jre\17.0.12-win32-x86_64\bin\msvcp140.dll
0x00007ffe89a20000 - 0x00007ffe8a68a000 	c:\Users\bilal\.vscode\extensions\redhat.java-1.35.1-win32-x64\jre\17.0.12-win32-x86_64\bin\server\jvm.dll
0x00007fff8b740000 - 0x00007fff8b7f2000 	C:\WINDOWS\System32\ADVAPI32.dll
0x00007fff8bd40000 - 0x00007fff8bde8000 	C:\WINDOWS\System32\sechost.dll
0x00007fff8aee0000 - 0x00007fff8af08000 	C:\WINDOWS\System32\bcrypt.dll
0x00007fff8bb10000 - 0x00007fff8bc24000 	C:\WINDOWS\System32\RPCRT4.dll
0x00007fff8c7a0000 - 0x00007fff8c811000 	C:\WINDOWS\System32\WS2_32.dll
0x00007fff8a2e0000 - 0x00007fff8a32d000 	C:\WINDOWS\SYSTEM32\POWRPROF.dll
0x00007fff803b0000 - 0x00007fff803e4000 	C:\WINDOWS\SYSTEM32\WINMM.dll
0x00007fff7f100000 - 0x00007fff7f10a000 	C:\WINDOWS\SYSTEM32\VERSION.dll
0x00007fff8a290000 - 0x00007fff8a2a3000 	C:\WINDOWS\SYSTEM32\UMPDC.dll
0x00007fff89af0000 - 0x00007fff89b08000 	C:\WINDOWS\SYSTEM32\kernel.appcore.dll
0x00007fff53350000 - 0x00007fff5335a000 	c:\Users\bilal\.vscode\extensions\redhat.java-1.35.1-win32-x64\jre\17.0.12-win32-x86_64\bin\jimage.dll
0x00007fff87d10000 - 0x00007fff87f42000 	C:\WINDOWS\SYSTEM32\DBGHELP.DLL
0x00007fff8d400000 - 0x00007fff8d78e000 	C:\WINDOWS\System32\combase.dll
0x00007fff8cdb0000 - 0x00007fff8ce87000 	C:\WINDOWS\System32\OLEAUT32.dll
0x00007fff7cd20000 - 0x00007fff7cd52000 	C:\WINDOWS\SYSTEM32\dbgcore.DLL
0x00007fff8ae30000 - 0x00007fff8aeab000 	C:\WINDOWS\System32\bcryptPrimitives.dll
0x00007fff53200000 - 0x00007fff5320e000 	c:\Users\bilal\.vscode\extensions\redhat.java-1.35.1-win32-x64\jre\17.0.12-win32-x86_64\bin\instrument.dll
0x00007fff15580000 - 0x00007fff155a5000 	c:\Users\bilal\.vscode\extensions\redhat.java-1.35.1-win32-x64\jre\17.0.12-win32-x86_64\bin\java.dll
0x00007fff4c090000 - 0x00007fff4c0a8000 	c:\Users\bilal\.vscode\extensions\redhat.java-1.35.1-win32-x64\jre\17.0.12-win32-x86_64\bin\zip.dll
0x00007fff8bec0000 - 0x00007fff8c729000 	C:\WINDOWS\System32\SHELL32.dll
0x00007fff88a00000 - 0x00007fff892ff000 	C:\WINDOWS\SYSTEM32\windows.storage.dll
0x00007fff888c0000 - 0x00007fff889ff000 	C:\WINDOWS\SYSTEM32\wintypes.dll
0x00007fff8cca0000 - 0x00007fff8cd99000 	C:\WINDOWS\System32\SHCORE.dll
0x00007fff8b500000 - 0x00007fff8b55e000 	C:\WINDOWS\System32\shlwapi.dll
0x00007fff8aa10000 - 0x00007fff8aa37000 	C:\WINDOWS\SYSTEM32\profapi.dll
0x00007fff4bee0000 - 0x00007fff4bef9000 	C:\Users\bilal\.vscode\extensions\redhat.java-1.35.1-win32-x64\jre\17.0.12-win32-x86_64\bin\net.dll
0x00007fff82ac0000 - 0x00007fff82bf6000 	C:\WINDOWS\SYSTEM32\WINHTTP.dll
0x00007fff89fd0000 - 0x00007fff8a039000 	C:\WINDOWS\system32\mswsock.dll
0x00007fff382a0000 - 0x00007fff382b6000 	C:\Users\bilal\.vscode\extensions\redhat.java-1.35.1-win32-x64\jre\17.0.12-win32-x86_64\bin\nio.dll
0x00007fff53160000 - 0x00007fff53170000 	c:\Users\bilal\.vscode\extensions\redhat.java-1.35.1-win32-x64\jre\17.0.12-win32-x86_64\bin\verify.dll
0x00007fff111d0000 - 0x00007fff11215000 	C:\Users\bilal\AppData\Roaming\Code\User\globalStorage\redhat.java\1.35.1\config_win\org.eclipse.equinox.launcher\org.eclipse.equinox.launcher.win32.win32.x86_64_1.2.1100.v20240722-2106\eclipse_11904.dll
0x00007fff8d250000 - 0x00007fff8d3f5000 	C:\WINDOWS\System32\ole32.dll
0x00007fff8a200000 - 0x00007fff8a21b000 	C:\WINDOWS\SYSTEM32\CRYPTSP.dll
0x00007fff89a50000 - 0x00007fff89a85000 	C:\WINDOWS\system32\rsaenh.dll
0x00007fff8a090000 - 0x00007fff8a0b8000 	C:\WINDOWS\SYSTEM32\USERENV.dll
0x00007fff8a1f0000 - 0x00007fff8a1fc000 	C:\WINDOWS\SYSTEM32\CRYPTBASE.dll
0x00007fff895a0000 - 0x00007fff895cd000 	C:\WINDOWS\SYSTEM32\IPHLPAPI.DLL
0x00007fff8cda0000 - 0x00007fff8cda9000 	C:\WINDOWS\System32\NSI.dll
0x00007fff82650000 - 0x00007fff82669000 	C:\WINDOWS\SYSTEM32\dhcpcsvc6.DLL
0x00007fff81e80000 - 0x00007fff81e9f000 	C:\WINDOWS\SYSTEM32\dhcpcsvc.DLL
0x00007fff895d0000 - 0x00007fff896d2000 	C:\WINDOWS\SYSTEM32\DNSAPI.dll
0x00007fff10290000 - 0x00007fff102d9000 	C:\Users\bilal\AppData\Local\Temp\jna-93740016\jna65195438490799108.dll
0x00007fff8ce90000 - 0x00007fff8ce98000 	C:\WINDOWS\System32\PSAPI.DLL
0x00007fff4d010000 - 0x00007fff4d01e000 	C:\Users\bilal\.vscode\extensions\redhat.java-1.35.1-win32-x64\jre\17.0.12-win32-x86_64\bin\sunmscapi.dll
0x00007fff8acc0000 - 0x00007fff8ae26000 	C:\WINDOWS\System32\CRYPT32.dll
0x00007fff8a4a0000 - 0x00007fff8a4cd000 	C:\WINDOWS\SYSTEM32\ncrypt.dll
0x00007fff8a460000 - 0x00007fff8a497000 	C:\WINDOWS\SYSTEM32\NTASN1.dll
0x00007fff7e690000 - 0x00007fff7e69a000 	C:\Windows\System32\rasadhlp.dll
0x00007fff800c0000 - 0x00007fff80143000 	C:\WINDOWS\System32\fwpuclnt.dll
0x00007fff4be70000 - 0x00007fff4be79000 	C:\Users\bilal\.vscode\extensions\redhat.java-1.35.1-win32-x64\jre\17.0.12-win32-x86_64\bin\extnet.dll
0x00007fff89c00000 - 0x00007fff89c34000 	C:\WINDOWS\SYSTEM32\ntmarta.dll

dbghelp: loaded successfully - version: 4.0.5 - missing functions: none
symbol engine: initialized successfully - sym options: 0x614 - pdb path: .;c:\Users\bilal\.vscode\extensions\redhat.java-1.35.1-win32-x64\jre\17.0.12-win32-x86_64\bin;C:\WINDOWS\SYSTEM32;C:\Program Files\Avast Software\Avast;C:\WINDOWS\WinSxS\amd64_microsoft.windows.common-controls_6595b64144ccf1df_6.0.22621.3672_none_2713b9d173822955;c:\Users\bilal\.vscode\extensions\redhat.java-1.35.1-win32-x64\jre\17.0.12-win32-x86_64\bin\server;C:\Users\bilal\AppData\Roaming\Code\User\globalStorage\redhat.java\1.35.1\config_win\org.eclipse.equinox.launcher\org.eclipse.equinox.launcher.win32.win32.x86_64_1.2.1100.v20240722-2106;C:\Users\bilal\AppData\Local\Temp\jna-93740016

VM Arguments:
jvm_args: --add-modules=ALL-SYSTEM --add-opens=java.base/java.util=ALL-UNNAMED --add-opens=java.base/java.lang=ALL-UNNAMED --add-opens=java.base/sun.nio.fs=ALL-UNNAMED -Declipse.application=org.eclipse.jdt.ls.core.id1 -Dosgi.bundles.defaultStartLevel=4 -Declipse.product=org.eclipse.jdt.ls.core.product -Djava.import.generatesMetadataFilesAtProjectRoot=false -DDetectVMInstallationsJob.disabled=true -Dfile.encoding=utf8 -XX:+UseParallelGC -XX:GCTimeRatio=4 -XX:AdaptiveSizePolicyWeight=90 -Dsun.zip.disableMemoryMapping=true -Xmx1G -Xms100m -Xlog:disable -javaagent:c:\Users\bilal\.vscode\extensions\redhat.java-1.35.1-win32-x64\lombok\lombok-1.18.33.jar -XX:+HeapDumpOnOutOfMemoryError -XX:HeapDumpPath=c:\Users\bilal\AppData\Roaming\Code\User\workspaceStorage\c789fe2788a9d23e3a45b0ab5194a0bf\redhat.java -Daether.dependencyCollector.impl=bf 
java_command: c:\Users\bilal\.vscode\extensions\redhat.java-1.35.1-win32-x64\server\plugins\org.eclipse.equinox.launcher_1.6.900.v20240613-2009.jar -configuration c:\Users\bilal\AppData\Roaming\Code\User\globalStorage\redhat.java\1.35.1\config_win -data c:\Users\bilal\AppData\Roaming\Code\User\workspaceStorage\c789fe2788a9d23e3a45b0ab5194a0bf\redhat.java\jdt_ws --pipe=\\.\pipe\lsp-fd72662a46d3aabaaa5e8f50f302898d-sock
java_class_path (initial): c:\Users\bilal\.vscode\extensions\redhat.java-1.35.1-win32-x64\server\plugins\org.eclipse.equinox.launcher_1.6.900.v20240613-2009.jar
Launcher Type: SUN_STANDARD

[Global flags]
    uintx AdaptiveSizePolicyWeight                 = 90                                        {product} {command line}
     intx CICompilerCount                          = 4                                         {product} {ergonomic}
    uintx GCTimeRatio                              = 4                                         {product} {command line}
     bool HeapDumpOnOutOfMemoryError               = true                                   {manageable} {command line}
    ccstr HeapDumpPath                             = c:\Users\bilal\AppData\Roaming\Code\User\workspaceStorage\c789fe2788a9d23e3a45b0ab5194a0bf\redhat.java         {manageable} {command line}
   size_t InitialHeapSize                          = 104857600                                 {product} {command line}
   size_t MaxHeapSize                              = 1073741824                                {product} {command line}
   size_t MaxNewSize                               = 357564416                                 {product} {ergonomic}
   size_t MinHeapDeltaBytes                        = 524288                                    {product} {ergonomic}
   size_t MinHeapSize                              = 104857600                                 {product} {command line}
   size_t NewSize                                  = 34603008                                  {product} {ergonomic}
    uintx NonNMethodCodeHeapSize                   = 5839372                                {pd product} {ergonomic}
    uintx NonProfiledCodeHeapSize                  = 122909434                              {pd product} {ergonomic}
   size_t OldSize                                  = 70254592                                  {product} {ergonomic}
    uintx ProfiledCodeHeapSize                     = 122909434                              {pd product} {ergonomic}
    uintx ReservedCodeCacheSize                    = 251658240                              {pd product} {ergonomic}
     bool SegmentedCodeCache                       = true                                      {product} {ergonomic}
   size_t SoftMaxHeapSize                          = 1073741824                             {manageable} {ergonomic}
     bool UseCompressedClassPointers               = true                           {product lp64_product} {ergonomic}
     bool UseCompressedOops                        = true                           {product lp64_product} {ergonomic}
     bool UseLargePagesIndividualAllocation        = false                                  {pd product} {ergonomic}
     bool UseParallelGC                            = true                                      {product} {command line}

Logging:
Log output configuration:
 #0: stdout all=off uptime,level,tags
 #1: stderr all=off uptime,level,tags

Environment Variables:
JAVA_HOME=C:\Program Files\Amazon Corretto\jdk11.0.23_9
PATH=C:\Python312\Scripts\;C:\Python312\;C:\Program Files\Amazon Corretto\jdk11.0.23_9\bin;C:\Program Files\Common Files\Oracle\Java\javapath;C:\Program Files (x86)\Common Files\Oracle\Java\javapath;C:\windows\system32;C:\windows;C:\windows\System32\Wbem;C:\windows\System32\WindowsPowerShell\v1.0\;C:\windows\System32\OpenSSH\;C:\Program Files (x86)\NVIDIA Corporation\PhysX\Common;C:\WINDOWS\system32;C:\WINDOWS;C:\WINDOWS\System32\Wbem;C:\WINDOWS\System32\WindowsPowerShell\v1.0\;C:\WINDOWS\System32\OpenSSH\;D:\Program Files\MiKTeX\miktex\bin\x64\;C:\Program Files\nPerf;C:\Program Files\HP\HP One Agent;C:\Program Files\NVIDIA Corporation\NVIDIA app\NvDLISR;C:\ProgramData\chocolatey\bin;D:\Program Files\Git\cmd;C:\ProgramData\chocolatey\lib\maven\apache-maven-3.9.8\bin;C:\Program Files\Amazon\AWSCLIV2\;C:\Program Files\Microsoft VS Code\bin;C:\Program Files\Vagrant\bin;C:\Users\bilal\AppData\Local\Programs\Python\Python39\Scripts\;C:\Users\bilal\AppData\Local\Programs\Python\Python39\;C:\Users\bilal\AppData\Local\Microsoft\WindowsApps;D:\Program Files\Graphviz\bin;C:\Program Files\Oracle\VirtualBox;C:\Users\bilal\AppData\Local\JetBrains\Toolbox\scripts;;C:\Users\bilal\.bun\bin
USERNAME=bilal
OS=Windows_NT
PROCESSOR_IDENTIFIER=Intel64 Family 6 Model 165 Stepping 2, GenuineIntel
TMP=C:\Users\bilal\AppData\Local\Temp
TEMP=C:\Users\bilal\AppData\Local\Temp



Periodic native trim disabled


---------------  S Y S T E M  ---------------

OS:
 Windows 11 , 64 bit Build 22621 (10.0.22621.3958)
OS uptime: 2 days 15:07 hours
Hyper-V role detected

CPU: total 12 (initial active 12) (6 cores per cpu, 2 threads per core) family 6 model 165 stepping 2 microcode 0xfa, cx8, cmov, fxsr, ht, mmx, 3dnowpref, sse, sse2, sse3, ssse3, sse4.1, sse4.2, popcnt, lzcnt, tsc, tscinvbit, avx, avx2, aes, erms, clmul, bmi1, bmi2, adx, fma, vzeroupper, clflush, clflushopt, hv
Processor Information for all 12 processors :
  Max Mhz: 2592, Current Mhz: 2592, Mhz Limit: 2592

Memory: 4k page, system-wide physical 16219M (1516M free)
TotalPageFile size 45146M (AvailPageFile size 90M)
current process WorkingSet (physical memory assigned to process): 305M, peak: 359M
current process commit charge ("private bytes"): 346M, peak: 401M

vm_info: OpenJDK 64-Bit Server VM (17.0.12+7) for windows-amd64 JRE (17.0.12+7), built on Jul 16 2024 22:08:24 by "admin" with MS VC++ 16.10 / 16.11 (VS2019)

END.
